BFGSLineSearch:   0[  0]  06:14:04   -16405.736657       1.6672
BFGSLineSearch:   1[  2]  06:14:40   -16405.873140       2.4602
BFGSLineSearch:   2[  3]  06:14:59   -16406.104422       1.2936
BFGSLineSearch:   3[  4]  06:15:15   -16406.226921       1.6516
BFGSLineSearch:   4[  6]  06:15:49   -16406.281344       0.4719
BFGSLineSearch:   5[  8]  06:16:19   -16406.317110       0.5257
BFGSLineSearch:   6[  9]  06:16:32   -16406.325731       0.1864
BFGSLineSearch:   7[ 11]  06:16:57   -16406.330696       0.1355
BFGSLineSearch:   8[ 13]  06:17:19   -16406.334125       0.3158
BFGSLineSearch:   9[ 15]  06:17:46   -16406.339183       0.4266
BFGSLineSearch:  10[ 17]  06:18:16   -16406.356364       0.5026
BFGSLineSearch:  11[ 19]  06:18:49   -16406.393043       1.0580
BFGSLineSearch:  12[ 21]  06:19:30   -16406.416417       0.5018
BFGSLineSearch:  13[ 22]  06:19:48   -16406.451669       0.5691
BFGSLineSearch:  14[ 23]  06:20:04   -16406.471180       0.2941
BFGSLineSearch:  15[ 24]  06:20:18   -16406.492069       0.5251
BFGSLineSearch:  16[ 25]  06:20:31   -16406.501063       0.1616
BFGSLineSearch:  17[ 26]  06:20:46   -16406.505620       0.2454
BFGSLineSearch:  18[ 28]  06:21:13   -16406.515725       0.2238
BFGSLineSearch:  19[ 29]  06:21:26   -16406.525244       0.2632
BFGSLineSearch:  20[ 30]  06:21:40   -16406.537199       0.4758
BFGSLineSearch:  21[ 31]  06:21:55   -16406.550858       0.4139
BFGSLineSearch:  22[ 33]  06:22:27   -16406.559720       0.2939
BFGSLineSearch:  23[ 34]  06:22:41   -16406.565328       0.0964
BFGSLineSearch:  24[ 35]  06:22:52   -16406.565517       0.0734
BFGSLineSearch:  25[ 36]  06:23:03   -16406.566129       0.0620
BFGSLineSearch:  26[ 38]  06:23:22   -16406.565532       0.0411
BFGSLineSearch:  27[ 40]  06:23:42   -16406.566580       0.0309
BFGSLineSearch:  28[ 42]  06:24:02   -16406.566647       0.0727
BFGSLineSearch:  29[ 45]  06:24:34   -16406.566489       0.0207
BFGSLineSearch:  30[ 46]  06:24:43   -16406.566269       0.0153
