BFGSLineSearch:   0[  0]  06:25:17   -16405.736167       1.6432
BFGSLineSearch:   1[  2]  06:25:53   -16405.873567       2.4458
BFGSLineSearch:   2[  3]  06:26:12   -16406.099658       1.2844
BFGSLineSearch:   3[  4]  06:26:30   -16406.182909       2.8340
BFGSLineSearch:   4[  6]  06:27:02   -16406.273369       0.8001
BFGSLineSearch:   5[  7]  06:27:15   -16406.303586       0.2630
BFGSLineSearch:   6[  8]  06:27:30   -16406.316404       0.5318
BFGSLineSearch:   7[ 10]  06:27:54   -16406.324104       0.1180
BFGSLineSearch:   8[ 12]  06:28:18   -16406.326792       0.2260
BFGSLineSearch:   9[ 14]  06:28:45   -16406.336725       0.4067
BFGSLineSearch:  10[ 16]  06:29:17   -16406.348732       0.5847
BFGSLineSearch:  11[ 17]  06:29:33   -16406.368603       0.4699
BFGSLineSearch:  12[ 19]  06:30:06   -16406.404109       1.1952
BFGSLineSearch:  13[ 21]  06:30:36   -16406.455793       0.9689
BFGSLineSearch:  14[ 22]  06:30:52   -16406.472470       0.5218
BFGSLineSearch:  15[ 23]  06:31:06   -16406.485911       0.2411
BFGSLineSearch:  16[ 25]  06:31:42   -16406.493625       0.3382
BFGSLineSearch:  17[ 26]  06:31:58   -16406.503401       0.2181
BFGSLineSearch:  18[ 28]  06:32:27   -16406.509954       0.2766
BFGSLineSearch:  19[ 30]  06:32:54   -16406.520423       0.4888
BFGSLineSearch:  20[ 31]  06:33:09   -16406.532660       0.2406
BFGSLineSearch:  21[ 32]  06:33:25   -16406.548971       0.1455
BFGSLineSearch:  22[ 33]  06:33:42   -16406.560632       0.1362
BFGSLineSearch:  23[ 34]  06:33:53   -16406.563368       0.1146
BFGSLineSearch:  24[ 35]  06:34:04   -16406.565062       0.1097
BFGSLineSearch:  25[ 36]  06:34:13   -16406.565712       0.0894
BFGSLineSearch:  26[ 37]  06:34:20   -16406.565748       0.0369
BFGSLineSearch:  27[ 38]  06:34:28   -16406.565771       0.0137
