BFGSLineSearch:   0[  0]  06:02:49   -16405.744240       1.7581
BFGSLineSearch:   1[  2]  06:03:25   -16405.877642       2.5121
BFGSLineSearch:   2[  3]  06:03:44   -16406.123081       1.3655
BFGSLineSearch:   3[  4]  06:04:00   -16406.221897       2.2360
BFGSLineSearch:   4[  6]  06:04:33   -16406.305915       0.3997
BFGSLineSearch:   5[  8]  06:05:13   -16406.346815       0.4705
BFGSLineSearch:   6[  9]  06:05:28   -16406.354473       0.2521
BFGSLineSearch:   7[ 11]  06:05:52   -16406.358342       0.3176
BFGSLineSearch:   8[ 13]  06:06:18   -16406.363722       0.2600
BFGSLineSearch:   9[ 15]  06:06:46   -16406.368433       0.2834
BFGSLineSearch:  10[ 17]  06:07:15   -16406.376302       0.2211
BFGSLineSearch:  11[ 19]  06:07:47   -16406.385738       0.3205
BFGSLineSearch:  12[ 21]  06:08:16   -16406.401273       0.5503
BFGSLineSearch:  13[ 23]  06:08:50   -16406.435758       0.5767
BFGSLineSearch:  14[ 24]  06:09:05   -16406.445060       0.2344
BFGSLineSearch:  15[ 26]  06:09:34   -16406.460474       0.5994
BFGSLineSearch:  16[ 27]  06:09:55   -16406.479695       0.4272
BFGSLineSearch:  17[ 28]  06:10:17   -16406.514770       0.2855
BFGSLineSearch:  18[ 29]  06:10:36   -16406.529260       0.2522
BFGSLineSearch:  19[ 31]  06:11:09   -16406.534078       0.2008
BFGSLineSearch:  20[ 34]  06:12:02   -16406.539390       0.3529
BFGSLineSearch:  21[ 36]  06:12:25   -16406.545730       0.4227
BFGSLineSearch:  22[ 37]  06:12:40   -16406.550547       0.2460
BFGSLineSearch:  23[ 38]  06:12:56   -16406.552233       0.1479
BFGSLineSearch:  24[ 39]  06:13:08   -16406.553532       0.0581
BFGSLineSearch:  25[ 40]  06:13:19   -16406.555037       0.0521
BFGSLineSearch:  26[ 41]  06:13:31   -16406.554987       0.0169
