BFGSLineSearch:   0[  0]  06:35:01   -16405.736128       1.6309
BFGSLineSearch:   1[  2]  06:35:37   -16405.874006       2.4383
BFGSLineSearch:   2[  3]  06:35:56   -16406.097147       1.2822
BFGSLineSearch:   3[  5]  06:36:29   -16406.173589       2.0793
BFGSLineSearch:   4[  6]  06:36:46   -16406.258975       1.1250
BFGSLineSearch:   5[  7]  06:37:00   -16406.300166       0.2941
BFGSLineSearch:   6[  8]  06:37:13   -16406.314062       0.1982
BFGSLineSearch:   7[  9]  06:37:26   -16406.320607       0.1569
BFGSLineSearch:   8[ 11]  06:37:49   -16406.324379       0.1431
BFGSLineSearch:   9[ 13]  06:38:15   -16406.333234       0.1664
BFGSLineSearch:  10[ 15]  06:38:49   -16406.351750       0.5081
BFGSLineSearch:  11[ 17]  06:39:17   -16406.375873       0.5722
BFGSLineSearch:  12[ 18]  06:39:35   -16406.412625       0.5007
BFGSLineSearch:  13[ 20]  06:40:12   -16406.428977       0.6873
BFGSLineSearch:  14[ 21]  06:40:28   -16406.455013       0.7046
BFGSLineSearch:  15[ 22]  06:40:44   -16406.477629       0.5463
BFGSLineSearch:  16[ 23]  06:41:01   -16406.487380       0.5101
BFGSLineSearch:  17[ 24]  06:41:15   -16406.495054       0.1688
BFGSLineSearch:  18[ 26]  06:41:43   -16406.504900       0.4500
BFGSLineSearch:  19[ 28]  06:42:13   -16406.518165       0.2548
BFGSLineSearch:  20[ 31]  06:42:55   -16406.531881       0.2864
BFGSLineSearch:  21[ 33]  06:43:25   -16406.548534       0.5686
BFGSLineSearch:  22[ 34]  06:43:38   -16406.556953       0.1990
BFGSLineSearch:  23[ 35]  06:43:51   -16406.559867       0.1208
BFGSLineSearch:  24[ 36]  06:44:04   -16406.562735       0.0393
BFGSLineSearch:  25[ 37]  06:44:14   -16406.564062       0.0430
BFGSLineSearch:  26[ 40]  06:44:50   -16406.565132       0.0447
BFGSLineSearch:  27[ 43]  06:45:27   -16406.564867       0.0311
BFGSLineSearch:  28[ 45]  06:45:45   -16406.565595       0.0593
BFGSLineSearch:  29[ 47]  06:46:04   -16406.566344       0.0269
BFGSLineSearch:  30[ 48]  06:46:12   -16406.566385       0.0088
