BFGSLineSearch:   0[  0]  06:46:45   -16405.736160       1.6247
BFGSLineSearch:   1[  2]  06:47:21   -16405.874282       2.4346
BFGSLineSearch:   2[  3]  06:47:40   -16406.095847       1.2818
BFGSLineSearch:   3[  5]  06:48:13   -16406.167285       2.0079
BFGSLineSearch:   4[  6]  06:48:30   -16406.261276       1.0495
BFGSLineSearch:   5[  7]  06:48:45   -16406.299363       0.2836
BFGSLineSearch:   6[  8]  06:48:58   -16406.313452       0.2109
BFGSLineSearch:   7[  9]  06:49:11   -16406.319585       0.1584
BFGSLineSearch:   8[ 11]  06:49:33   -16406.323455       0.1424
BFGSLineSearch:   9[ 14]  06:50:14   -16406.334894       0.2962
BFGSLineSearch:  10[ 16]  06:50:48   -16406.355905       0.9675
BFGSLineSearch:  11[ 17]  06:51:04   -16406.374296       0.4869
BFGSLineSearch:  12[ 18]  06:51:19   -16406.397888       0.4092
BFGSLineSearch:  13[ 20]  06:51:54   -16406.434143       0.5740
BFGSLineSearch:  14[ 21]  06:52:14   -16406.457349       0.4725
BFGSLineSearch:  15[ 22]  06:52:30   -16406.474886       0.7795
BFGSLineSearch:  16[ 24]  06:52:57   -16406.493392       0.4374
BFGSLineSearch:  17[ 25]  06:53:11   -16406.501464       0.2265
BFGSLineSearch:  18[ 26]  06:53:25   -16406.510669       0.2472
BFGSLineSearch:  19[ 27]  06:53:39   -16406.515590       0.3326
BFGSLineSearch:  20[ 29]  06:54:07   -16406.529945       0.2756
BFGSLineSearch:  21[ 31]  06:54:37   -16406.545252       0.5896
BFGSLineSearch:  22[ 32]  06:54:50   -16406.553988       0.1447
BFGSLineSearch:  23[ 33]  06:55:05   -16406.559880       0.1286
BFGSLineSearch:  24[ 34]  06:55:18   -16406.562701       0.0995
BFGSLineSearch:  25[ 35]  06:55:29   -16406.563352       0.0614
BFGSLineSearch:  26[ 37]  06:55:50   -16406.564565       0.0665
BFGSLineSearch:  27[ 40]  06:56:20   -16406.565737       0.0445
BFGSLineSearch:  28[ 41]  06:56:30   -16406.565755       0.0488
BFGSLineSearch:  29[ 42]  06:56:39   -16406.565755       0.0428
BFGSLineSearch:  30[ 44]  06:56:54   -16406.566065       0.0172
