BFGSLineSearch:   0[  0]  07:19:09   -16406.004792       1.4026
BFGSLineSearch:   1[  2]  07:19:47   -16406.102197       2.1748
BFGSLineSearch:   2[  4]  07:20:30   -16406.302396       1.1139
BFGSLineSearch:   3[  6]  07:21:10   -16406.351711       1.0945
BFGSLineSearch:   4[  7]  07:21:26   -16406.436815       0.9653
BFGSLineSearch:   5[  8]  07:21:42   -16406.487946       0.3516
BFGSLineSearch:   6[  9]  07:21:55   -16406.507026       0.3320
BFGSLineSearch:   7[ 10]  07:22:10   -16406.518383       0.1702
BFGSLineSearch:   8[ 12]  07:22:40   -16406.536279       0.4347
BFGSLineSearch:   9[ 14]  07:23:09   -16406.575690       0.7204
BFGSLineSearch:  10[ 15]  07:23:25   -16406.594791       0.6352
BFGSLineSearch:  11[ 16]  07:23:39   -16406.604964       0.1695
BFGSLineSearch:  12[ 18]  07:24:09   -16406.615031       0.2008
BFGSLineSearch:  13[ 20]  07:24:34   -16406.622349       0.2183
BFGSLineSearch:  14[ 22]  07:25:05   -16406.638172       0.2531
BFGSLineSearch:  15[ 23]  07:25:20   -16406.651432       0.2956
BFGSLineSearch:  16[ 24]  07:25:37   -16406.663002       0.2411
BFGSLineSearch:  17[ 25]  07:25:50   -16406.667550       0.1052
BFGSLineSearch:  18[ 26]  07:26:03   -16406.669327       0.0715
BFGSLineSearch:  19[ 27]  07:26:15   -16406.670095       0.0672
BFGSLineSearch:  20[ 30]  07:26:54   -16406.670391       0.0885
BFGSLineSearch:  21[ 33]  07:27:35   -16406.675747       0.1181
BFGSLineSearch:  22[ 34]  07:27:49   -16406.679233       0.0885
BFGSLineSearch:  23[ 35]  07:28:04   -16406.680909       0.0544
BFGSLineSearch:  24[ 36]  07:28:17   -16406.681458       0.0497
BFGSLineSearch:  25[ 37]  07:28:28   -16406.681450       0.0418
BFGSLineSearch:  26[ 38]  07:28:41   -16406.681457       0.0286
BFGSLineSearch:  27[ 40]  07:29:01   -16406.681892       0.0358
BFGSLineSearch:  28[ 41]  07:29:09   -16406.681927       0.0115
