BFGSLineSearch:   0[  0]  06:57:27   -16405.736226       1.6185
BFGSLineSearch:   1[  2]  06:58:02   -16405.874594       2.4309
BFGSLineSearch:   2[  3]  06:58:21   -16406.094509       1.2820
BFGSLineSearch:   3[  5]  06:58:54   -16406.161662       1.9307
BFGSLineSearch:   4[  6]  06:59:11   -16406.262653       0.9951
BFGSLineSearch:   5[  7]  06:59:25   -16406.298546       0.2753
BFGSLineSearch:   6[  8]  06:59:39   -16406.312836       0.2245
BFGSLineSearch:   7[  9]  06:59:52   -16406.318619       0.1584
BFGSLineSearch:   8[ 11]  07:00:14   -16406.322619       0.1397
BFGSLineSearch:   9[ 14]  07:00:54   -16406.336586       0.3032
BFGSLineSearch:  10[ 17]  07:01:45   -16406.361121       0.6465
BFGSLineSearch:  11[ 19]  07:02:20   -16406.374571       0.4483
BFGSLineSearch:  12[ 21]  07:02:52   -16406.415075       0.6628
BFGSLineSearch:  13[ 22]  07:03:06   -16406.441108       0.6772
BFGSLineSearch:  14[ 23]  07:03:26   -16406.461417       0.4072
BFGSLineSearch:  15[ 25]  07:04:00   -16406.474923       0.6678
BFGSLineSearch:  16[ 27]  07:04:22   -16406.488298       0.2738
BFGSLineSearch:  17[ 28]  07:04:36   -16406.501528       0.2123
BFGSLineSearch:  18[ 29]  07:04:51   -16406.511359       0.1523
BFGSLineSearch:  19[ 30]  07:05:05   -16406.518978       0.2027
BFGSLineSearch:  20[ 32]  07:05:34   -16406.531563       0.3475
BFGSLineSearch:  21[ 34]  07:06:04   -16406.547856       0.4635
BFGSLineSearch:  22[ 35]  07:06:18   -16406.554793       0.2969
BFGSLineSearch:  23[ 36]  07:06:30   -16406.558699       0.2388
BFGSLineSearch:  24[ 37]  07:06:41   -16406.561405       0.0952
BFGSLineSearch:  25[ 38]  07:06:54   -16406.563768       0.0386
BFGSLineSearch:  26[ 41]  07:07:25   -16406.564607       0.0475
BFGSLineSearch:  27[ 43]  07:07:43   -16406.565238       0.0578
BFGSLineSearch:  28[ 46]  07:08:14   -16406.565608       0.0366
BFGSLineSearch:  29[ 47]  07:08:20   -16406.565660       0.0284
BFGSLineSearch:  30[ 50]  07:08:42   -16406.565708       0.0216
BFGSLineSearch:  31[ 51]  07:08:51   -16406.565869       0.0098
