BFGSLineSearch:   0[  0]  05:40:45   -16405.996009       2.0475
BFGSLineSearch:   1[  2]  05:41:20   -16406.130503       2.6715
BFGSLineSearch:   2[  3]  05:41:40   -16406.414494       1.6909
BFGSLineSearch:   3[  5]  05:42:16   -16406.467864       1.1352
BFGSLineSearch:   4[  6]  05:42:33   -16406.646778       0.4906
BFGSLineSearch:   5[  8]  05:43:12   -16406.803090       1.0688
BFGSLineSearch:   6[ 10]  05:43:48   -16406.901014       1.7836
BFGSLineSearch:   7[ 12]  05:44:22   -16406.960519       0.8414
BFGSLineSearch:   8[ 13]  05:44:41   -16407.002204       0.5996
BFGSLineSearch:   9[ 15]  05:45:17   -16407.030903       0.9252
BFGSLineSearch:  10[ 16]  05:45:32   -16407.046227       0.2507
BFGSLineSearch:  11[ 17]  05:45:49   -16407.058853       0.2118
BFGSLineSearch:  12[ 19]  05:46:17   -16407.064239       0.3428
BFGSLineSearch:  13[ 21]  05:46:42   -16407.070444       0.3621
BFGSLineSearch:  14[ 24]  05:47:28   -16407.080511       0.2194
BFGSLineSearch:  15[ 26]  05:47:56   -16407.091324       0.3646
BFGSLineSearch:  16[ 27]  05:48:11   -16407.096132       0.1827
BFGSLineSearch:  17[ 28]  05:48:26   -16407.098914       0.1906
BFGSLineSearch:  18[ 30]  05:48:52   -16407.102182       0.3446
BFGSLineSearch:  19[ 32]  05:49:23   -16407.106873       0.2791
BFGSLineSearch:  20[ 33]  05:49:37   -16407.110291       0.0774
BFGSLineSearch:  21[ 34]  05:49:52   -16407.111580       0.3115
BFGSLineSearch:  22[ 35]  05:50:05   -16407.112335       0.0934
BFGSLineSearch:  23[ 36]  05:50:15   -16407.112543       0.0423
BFGSLineSearch:  24[ 37]  05:50:26   -16407.112719       0.0464
BFGSLineSearch:  25[ 38]  05:50:35   -16407.113012       0.0225
BFGSLineSearch:  26[ 39]  05:50:46   -16407.113153       0.0164
