BFGSLineSearch:   0[  0]  07:09:25   -16405.737961       1.5676
BFGSLineSearch:   1[  2]  07:10:01   -16405.878425       2.3994
BFGSLineSearch:   2[  3]  07:10:20   -16406.082051       1.3070
BFGSLineSearch:   3[  5]  07:10:57   -16406.133618       1.6174
BFGSLineSearch:   4[  6]  07:11:13   -16406.256164       1.0443
BFGSLineSearch:   5[  7]  07:11:28   -16406.292390       0.2571
BFGSLineSearch:   6[  8]  07:11:42   -16406.306608       0.2594
BFGSLineSearch:   7[  9]  07:11:55   -16406.312706       0.1805
BFGSLineSearch:   8[ 11]  07:12:17   -16406.317641       0.1833
BFGSLineSearch:   9[ 14]  07:12:58   -16406.337091       0.5588
BFGSLineSearch:  10[ 15]  07:13:18   -16406.367703       0.4777
BFGSLineSearch:  11[ 17]  07:13:52   -16406.387692       0.4040
BFGSLineSearch:  12[ 18]  07:14:07   -16406.415305       0.4875
BFGSLineSearch:  13[ 20]  07:14:38   -16406.452398       0.6406
BFGSLineSearch:  14[ 22]  07:15:11   -16406.461978       0.4325
BFGSLineSearch:  15[ 23]  07:15:27   -16406.480127       0.5677
BFGSLineSearch:  16[ 24]  07:15:42   -16406.496272       0.3686
BFGSLineSearch:  17[ 25]  07:15:56   -16406.508342       0.2133
BFGSLineSearch:  18[ 26]  07:16:10   -16406.520881       0.2115
BFGSLineSearch:  19[ 27]  07:16:25   -16406.531211       0.1718
BFGSLineSearch:  20[ 28]  07:16:39   -16406.541702       0.2807
BFGSLineSearch:  21[ 29]  07:16:54   -16406.552392       0.1964
BFGSLineSearch:  22[ 30]  07:17:08   -16406.558741       0.1226
BFGSLineSearch:  23[ 31]  07:17:21   -16406.561414       0.1214
BFGSLineSearch:  24[ 33]  07:17:44   -16406.562186       0.1242
BFGSLineSearch:  25[ 34]  07:17:55   -16406.562886       0.0615
BFGSLineSearch:  26[ 36]  07:18:14   -16406.563384       0.0467
BFGSLineSearch:  27[ 37]  07:18:24   -16406.564061       0.0530
BFGSLineSearch:  28[ 38]  07:18:35   -16406.564530       0.0152
