BFGSLineSearch:   0[  0]  05:51:18   -16405.787685       1.9082
BFGSLineSearch:   1[  2]  05:51:54   -16405.917833       2.5917
BFGSLineSearch:   2[  3]  05:52:13   -16406.177496       1.5278
BFGSLineSearch:   3[  5]  05:52:46   -16406.219126       1.1518
BFGSLineSearch:   4[  6]  05:53:04   -16406.374837       0.2815
BFGSLineSearch:   5[  8]  05:53:37   -16406.430878       0.8659
BFGSLineSearch:   6[ 10]  05:54:06   -16406.469489       0.8626
BFGSLineSearch:   7[ 12]  05:54:40   -16406.516393       0.5148
BFGSLineSearch:   8[ 14]  05:55:17   -16406.566686       1.2992
BFGSLineSearch:   9[ 16]  05:55:55   -16406.598428       0.5374
BFGSLineSearch:  10[ 17]  05:56:09   -16406.611548       0.1660
BFGSLineSearch:  11[ 18]  05:56:27   -16406.618763       0.4199
BFGSLineSearch:  12[ 20]  05:56:55   -16406.629752       0.3968
BFGSLineSearch:  13[ 21]  05:57:12   -16406.637562       0.2295
BFGSLineSearch:  14[ 22]  05:57:28   -16406.646212       0.2234
BFGSLineSearch:  15[ 23]  05:57:42   -16406.651421       0.2905
BFGSLineSearch:  16[ 24]  05:57:58   -16406.656230       0.2450
BFGSLineSearch:  17[ 25]  05:58:14   -16406.658260       0.1900
BFGSLineSearch:  18[ 26]  05:58:26   -16406.659657       0.0601
BFGSLineSearch:  19[ 27]  05:58:42   -16406.660714       0.2086
BFGSLineSearch:  20[ 29]  05:59:03   -16406.662201       0.3358
BFGSLineSearch:  21[ 31]  05:59:28   -16406.664808       0.1045
BFGSLineSearch:  22[ 32]  05:59:43   -16406.666094       0.0897
BFGSLineSearch:  23[ 33]  05:59:55   -16406.667778       0.1354
BFGSLineSearch:  24[ 35]  06:00:22   -16406.669820       0.1259
BFGSLineSearch:  25[ 37]  06:00:43   -16406.670785       0.1217
BFGSLineSearch:  26[ 39]  06:01:07   -16406.670889       0.0365
BFGSLineSearch:  27[ 41]  06:01:30   -16406.670850       0.0464
BFGSLineSearch:  28[ 43]  06:01:53   -16406.670797       0.0372
BFGSLineSearch:  29[ 46]  06:02:16   -16406.670762       0.0149
